<?xml version="1.0" encoding="UTF-8"?>
<!-- Generated by org.testng.reporters.JUnitReportReporter -->
<testsuite hostname="DESKTOP-C8G4FT6" failures="0" tests="1" name="info.hrms.testscripts.TC002" time="9.231" errors="0" timestamp="2023-08-26T15:31:47 IST" skipped="0">
  <testcase classname="info.hrms.testscripts.TC002" name="tc002" time="9.231">
    <system-out>
      <![CDATA[Application Opened]]>
    </system-out>
  </testcase> <!-- tc002 -->
  <system-out>
    <![CDATA[Application Opened
Application Opened]]>
  </system-out>
</testsuite> <!-- info.hrms.testscripts.TC002 -->
